<?xml version="1.0" encoding="UTF-8"?>
<!-- Generated by org.testng.reporters.JUnitReportReporter -->
<testsuite hostname="TYSS-Prabhat" failures="0" tests="1" name="login.log01_Test" time="3.131" errors="0" timestamp="2023-09-04T15:34:50 IST" skipped="0">
  <testcase classname="login.log01_Test" name="launch" time="3.131"/>
  <system-out>
    <![CDATA[News, Breaking News, Latest News, News Headlines, Live News, Today News CNN-News18]]>
  </system-out>
</testsuite> <!-- login.log01_Test -->
